<?xml version="1.0" encoding="UTF-8" ?>
<testsuite errors="1" failures="0" hostname="LAPTOP-2UKM2LHR" name="ReplyControllerTest" skipped="0" tests="1" time="0.0" timestamp="2020-11-12T00:55:56">
  <properties>
[...]
</properties>
  <error message="ReplyControllerTest" type="java.lang.ClassNotFoundException">java.lang.ClassNotFoundException: ReplyControllerTest
	at java.base/jdk.internal.loader.BuiltinClassLoader.loadClass(BuiltinClassLoader.java:606)
	at java.base/jdk.internal.loader.ClassLoaders$AppClassLoader.loadClass(ClassLoaders.java:168)
	at java.base/java.lang.ClassLoader.loadClass(ClassLoader.java:522)
	at java.base/java.lang.Class.forName0(Native Method)
	at java.base/java.lang.Class.forName(Class.java:468)
</error>
  <system-out><![CDATA[]]></system-out>
  <system-err><![CDATA[]]></system-err>
</testsuite>
